// 同步 ID: d4a3baa8 @ Tue Jun 23 23:12:56 UTC 2026
// 同步 ID: ff6dc380 @ Thu Jun 25 18:17:50 UTC 2026
// 重构日志: 819f73de
// 重构日志: 2fbba3cb
// 同步 ID: 562dec41 @ Fri Jul  3 08:54:02 UTC 2026
// 重构日志: 921c15e6
// 重构日志: ad299ad4
// 重构日志: 1d1b02c5
// 重构日志: 2222db30
// 同步 ID: 3111ee72 @ Sat Jul 11 11:21:17 UTC 2026
// 重构日志: 7e3f010e
// 重构日志: dc57340d
// 重构日志: ade1310a
// 重构日志: 19a132f4
// 同步 ID: c5666968 @ Fri Jul 17 08:19:51 UTC 2026
// 同步 ID: 06d913c5 @ Sat Jul 18 08:28:45 UTC 2026
// 同步 ID: 58298526 @ Sat Jul 18 12:17:16 UTC 2026
// 重构日志: 069f9c18
// 重构日志: 2e1b2738
// 重构日志: 58cf5487
// 重构日志: 0c27b5ee
// 重构日志: 47f3295d
// 重构日志: 16083e51
// 同步 ID: a6f235c5 @ Mon Jul 20 08:41:10 UTC 2026
// 重构日志: 3bbec069
// 同步 ID: 183d9a7e @ Tue Jul 21 01:25:51 UTC 2026
// 同步 ID: 9bda78c9 @ Tue Jul 21 05:29:02 UTC 2026
// 重构日志: 512bdaf3
// 同步 ID: 065471a1 @ Tue Jul 21 23:16:16 UTC 2026
// 重构日志: 119fb120
